<?xml version="1.0" encoding="UTF-8"?>
<!-- Generated by org.testng.reporters.JUnitXMLReporter -->
<testsuite ignored="0" hostname="CIPL-LPT-1382" failures="0" tests="6" name="Default test" time="32.053" errors="0" timestamp="2025-06-05T15:12:14 IST">
  <testcase classname="tests.SSDebitorderAllTestCase" name="testValidOrderSubmission" time="15.258"/>
  <testcase classname="tests.SSDebitorderAllTestCase" name="testValidOrderSubmission" time="8.605"/>
  <testcase classname="tests.SSDebitorderAllTestCase" name="testInvalidDealId" time="2.187"/>
  <testcase classname="tests.SSDebitorderAllTestCase" name="testMissingIdNumber" time="1.784"/>
  <testcase classname="tests.SSDebitorderAllTestCase" name="testResponseTimeUnder2Seconds" time="1.715"/>
  <testcase classname="tests.SSDebitorderAllTestCase" name="testInvalidAuthentication" time="1.662"/>
</testsuite> <!-- Default test -->
