<?xml version="1.0" encoding="UTF-8"?>
<!-- Generated by org.testng.reporters.JUnitXMLReporter -->
<testsuite ignored="1" hostname="CIPL-LPT-1382" failures="0" tests="3" name="Default test" time="37.39" errors="0" timestamp="2025-06-23T15:04:59 IST">
  <testcase classname="tests.GetDealwithAsseration" name="testValidCredentialsAndValidPath" time="36.615"/>
  <testcase classname="tests.GetDealwithAsseration" name="testInvalidCredentials" time="0.366"/>
  <testcase classname="tests.GetDealwithAsseration" name="testResponseNotEmpty" time="0.371"/>
  <testcase classname="tests.GetDealwithAsseration" name="testInvalidPath" time="0.0">
    <ignored/>
  </testcase> <!-- testInvalidPath -->
</testsuite> <!-- Default test -->
