<?xml version="1.0" encoding="UTF-8"?>
<testng-results ignored="0" total="3" passed="3" failed="0" skipped="0">
  <reporter-output>
  </reporter-output>
  <suite started-at="2025-06-03T18:21:11 IST" name="Default suite" finished-at="2025-06-03T18:21:14 IST" duration-ms="3433">
    <groups>
    </groups>
    <test started-at="2025-06-03T18:21:11 IST" name="Default test" finished-at="2025-06-03T18:21:14 IST" duration-ms="3433">
      <class name="tests.GetDealwithAsseration">
        <test-method signature="testValidCredentialsAndValidPath()[pri:1, instance:tests.GetDealwithAsseration@5674e1f2]" started-at="2025-06-03T18:21:11 IST" name="testValidCredentialsAndValidPath" finished-at="2025-06-03T18:21:13 IST" duration-ms="2373" status="PASS">
          <reporter-output>
          </reporter-output>
        </test-method> <!-- testValidCredentialsAndValidPath -->
        <test-method signature="testInvalidCredentials()[pri:2, instance:tests.GetDealwithAsseration@5674e1f2]" started-at="2025-06-03T18:21:13 IST" name="testInvalidCredentials" finished-at="2025-06-03T18:21:14 IST" duration-ms="623" status="PASS">
          <reporter-output>
          </reporter-output>
        </test-method> <!-- testInvalidCredentials -->
        <test-method signature="testResponseNotEmpty()[pri:4, instance:tests.GetDealwithAsseration@5674e1f2]" started-at="2025-06-03T18:21:14 IST" name="testResponseNotEmpty" finished-at="2025-06-03T18:21:14 IST" duration-ms="401" status="PASS">
          <reporter-output>
          </reporter-output>
        </test-method> <!-- testResponseNotEmpty -->
      </class> <!-- tests.GetDealwithAsseration -->
    </test> <!-- Default test -->
  </suite> <!-- Default suite -->
</testng-results>
